<?xml version="1.0" encoding="UTF-8"?>
<testsuite name="Sign Up uTest page" tests="1" skipped="0" failures="0" errors="0" timestamp="2022-03-03T10:09:58" hostname="DESKTOP-QU0HTR0" time="54.135">
  <properties/>
  <testcase name="A new user at the platform uTest" classname="Sign Up uTest page" time="54.135"/>
  <system-out><![CDATA[]]></system-out>
  <system-err><![CDATA[[Test worker] WARN net.thucydides.core.steps.BaseStepListener - stepStarted: net.thucydides.core.steps.ExecutedStepDescription@31bd602e
[Test worker] WARN net.thucydides.core.steps.BaseStepListener - stepStarted: net.thucydides.core.steps.ExecutedStepDescription@14a8cde4
[Test worker] WARN net.thucydides.core.steps.BaseStepListener - stepStarted: net.thucydides.core.steps.ExecutedStepDescription@202c2ab7
mar. 03, 2022 5:09:59 A.M. org.openqa.selenium.remote.DesiredCapabilities chrome
INFORMACIÓN: Using `new ChromeOptions()` is preferred to `DesiredCapabilities.chrome()`
[Test worker] INFO net.serenitybdd.core.webdriver.driverproviders.ProvideNewDriver - Instantiating driver
[Test worker] INFO net.serenitybdd.core.webdriver.driverproviders.ProvideNewDriver - Driver capabilities: Capabilities {acceptInsecureCerts: false, browserName: chrome, chrome.switches: --start-maximized, goog:chromeOptions: {args: [--start-maximized], extensions: []}, loggingPrefs: org.openqa.selenium.logging..., platform: ANY, version: }
Starting ChromeDriver 98.0.4758.102 (273bf7ac8c909cde36982d27f66f3c70846a3718-refs/branch-heads/4758@{#1151}) on port 30724
Only local connections are allowed.
Please see https://chromedriver.chromium.org/security-considerations for suggestions on keeping ChromeDriver safe.
ChromeDriver was started successfully.
mar. 03, 2022 5:10:03 A.M. org.openqa.selenium.remote.ProtocolHandshake createSession
INFORMACIÓN: Detected dialect: W3C
[Test worker] WARN net.thucydides.core.steps.BaseStepListener - stepFinished: current outcome:A new user at the platform uTest:Given than brandon wants to sign up at the uTest page [Brandon open up [Brandon opens the U test page]]
[Test worker] WARN net.thucydides.core.steps.BaseStepListener - stepFinished: current outcome:A new user at the platform uTest:Given than brandon wants to sign up at the uTest page [Brandon open up [Brandon opens the U test page]]
[Test worker] WARN net.thucydides.core.steps.BaseStepListener - stepStarted: net.thucydides.core.steps.ExecutedStepDescription@72020908
[Test worker] WARN net.thucydides.core.steps.BaseStepListener - stepStarted: net.thucydides.core.steps.ExecutedStepDescription@58958884
[Test worker] WARN net.thucydides.core.steps.BaseStepListener - stepFinished: current outcome:A new user at the platform uTest:Given than brandon wants to sign up at the uTest page [Brandon open up [Brandon opens the U test page], Brandon sign up [Brandon clicks on button that shows us the form to sign up]]
[Test worker] WARN net.thucydides.core.steps.BaseStepListener - stepFinished: current outcome:A new user at the platform uTest:Given than brandon wants to sign up at the uTest page [Brandon open up [Brandon opens the U test page], Brandon sign up [Brandon clicks on button that shows us the form to sign up]]
[Test worker] WARN net.thucydides.core.steps.BaseStepListener - stepFinished: current outcome:A new user at the platform uTest:Given than brandon wants to sign up at the uTest page [Brandon open up [Brandon opens the U test page], Brandon sign up [Brandon clicks on button that shows us the form to sign up]]
[Test worker] WARN net.thucydides.core.steps.BaseStepListener - stepStarted: net.thucydides.core.steps.ExecutedStepDescription@6a9d63bf
[Test worker] WARN net.thucydides.core.steps.BaseStepListener - stepStarted: net.thucydides.core.steps.ExecutedStepDescription@70255586
[Test worker] WARN net.thucydides.core.steps.BaseStepListener - stepStarted: net.thucydides.core.steps.ExecutedStepDescription@5b9c0c57
[Test worker] WARN net.thucydides.core.steps.BaseStepListener - stepFinished: current outcome:A new user at the platform uTest:Given than brandon wants to sign up at the uTest page [Brandon open up [Brandon opens the U test page], Brandon sign up [Brandon clicks on button that shows us the form to sign up]], When fill in the form for registration
| strFirstName | strLastName | strEmailAddress | strMount | strDay | strYear | strLanguages | strCity | strPostalCode | strCountry | strComputer | strVersion | strLanguage | strMovilDevice | strModel | strOperatingSystem | strPassword | strConfirmPassword |
| Lizeth | Ortega | linkliz96@gmail.com | January | 7 | 1996 | Spanish | Calarcá | 632001 | Colombia | Windows | 10 | Spanish | Xiaomi | Redmi 9 | Android 10 | Linkliz0321* | Linkliz0321* | [Brandon form one [Brandon enters 'Lizeth' into input where do write the name]]
[Test worker] WARN net.thucydides.core.steps.BaseStepListener - stepStarted: net.thucydides.core.steps.ExecutedStepDescription@36cd508c
[Test worker] WARN net.thucydides.core.steps.BaseStepListener - stepFinished: current outcome:A new user at the platform uTest:Given than brandon wants to sign up at the uTest page [Brandon open up [Brandon opens the U test page], Brandon sign up [Brandon clicks on button that shows us the form to sign up]], When fill in the form for registration
| strFirstName | strLastName | strEmailAddress | strMount | strDay | strYear | strLanguages | strCity | strPostalCode | strCountry | strComputer | strVersion | strLanguage | strMovilDevice | strModel | strOperatingSystem | strPassword | strConfirmPassword |
| Lizeth | Ortega | linkliz96@gmail.com | January | 7 | 1996 | Spanish | Calarcá | 632001 | Colombia | Windows | 10 | Spanish | Xiaomi | Redmi 9 | Android 10 | Linkliz0321* | Linkliz0321* | [Brandon form one [Brandon enters 'Lizeth' into input where do write the name, Brandon enters 'Ortega' into input where do write the last name]]
[Test worker] WARN net.thucydides.core.steps.BaseStepListener - stepStarted: net.thucydides.core.steps.ExecutedStepDescription@477f1ef6
[Test worker] WARN net.thucydides.core.steps.BaseStepListener - stepFinished: current outcome:A new user at the platform uTest:Given than brandon wants to sign up at the uTest page [Brandon open up [Brandon opens the U test page], Brandon sign up [Brandon clicks on button that shows us the form to sign up]], When fill in the form for registration
| strFirstName | strLastName | strEmailAddress | strMount | strDay | strYear | strLanguages | strCity | strPostalCode | strCountry | strComputer | strVersion | strLanguage | strMovilDevice | strModel | strOperatingSystem | strPassword | strConfirmPassword |
| Lizeth | Ortega | linkliz96@gmail.com | January | 7 | 1996 | Spanish | Calarcá | 632001 | Colombia | Windows | 10 | Spanish | Xiaomi | Redmi 9 | Android 10 | Linkliz0321* | Linkliz0321* | [Brandon form one [Brandon enters 'Lizeth' into input where do write the name, Brandon enters 'Ortega' into input where do write the last name, Brandon enters 'linkliz96@gmail.com' into input where do write  the email]]
[Test worker] WARN net.thucydides.core.steps.BaseStepListener - stepStarted: net.thucydides.core.steps.ExecutedStepDescription@24ad9ff8
[Test worker] WARN net.thucydides.core.steps.BaseStepListener - stepFinished: current outcome:A new user at the platform uTest:Given than brandon wants to sign up at the uTest page [Brandon open up [Brandon opens the U test page], Brandon sign up [Brandon clicks on button that shows us the form to sign up]], When fill in the form for registration
| strFirstName | strLastName | strEmailAddress | strMount | strDay | strYear | strLanguages | strCity | strPostalCode | strCountry | strComputer | strVersion | strLanguage | strMovilDevice | strModel | strOperatingSystem | strPassword | strConfirmPassword |
| Lizeth | Ortega | linkliz96@gmail.com | January | 7 | 1996 | Spanish | Calarcá | 632001 | Colombia | Windows | 10 | Spanish | Xiaomi | Redmi 9 | Android 10 | Linkliz0321* | Linkliz0321* | [Brandon form one [Brandon enters 'Lizeth' into input where do write the name, Brandon enters 'Ortega' into input where do write the last name, Brandon enters 'linkliz96@gmail.com' into input where do write  the email, Brandon select January on input where do write  the birthday month]]
[Test worker] WARN net.thucydides.core.steps.BaseStepListener - stepStarted: net.thucydides.core.steps.ExecutedStepDescription@6816ca9f
[Test worker] WARN net.thucydides.core.steps.BaseStepListener - stepFinished: current outcome:A new user at the platform uTest:Given than brandon wants to sign up at the uTest page [Brandon open up [Brandon opens the U test page], Brandon sign up [Brandon clicks on button that shows us the form to sign up]], When fill in the form for registration
| strFirstName | strLastName | strEmailAddress | strMount | strDay | strYear | strLanguages | strCity | strPostalCode | strCountry | strComputer | strVersion | strLanguage | strMovilDevice | strModel | strOperatingSystem | strPassword | strConfirmPassword |
| Lizeth | Ortega | linkliz96@gmail.com | January | 7 | 1996 | Spanish | Calarcá | 632001 | Colombia | Windows | 10 | Spanish | Xiaomi | Redmi 9 | Android 10 | Linkliz0321* | Linkliz0321* | [Brandon form one [Brandon enters 'Lizeth' into input where do write the name, Brandon enters 'Ortega' into input where do write the last name, Brandon enters 'linkliz96@gmail.com' into input where do write  the email, Brandon select January on input where do write  the birthday month, Brandon select 7 on input where do write  the birthday month]]
[Test worker] WARN net.thucydides.core.steps.BaseStepListener - stepStarted: net.thucydides.core.steps.ExecutedStepDescription@36305651
[Test worker] WARN net.thucydides.core.steps.BaseStepListener - stepFinished: current outcome:A new user at the platform uTest:Given than brandon wants to sign up at the uTest page [Brandon open up [Brandon opens the U test page], Brandon sign up [Brandon clicks on button that shows us the form to sign up]], When fill in the form for registration
| strFirstName | strLastName | strEmailAddress | strMount | strDay | strYear | strLanguages | strCity | strPostalCode | strCountry | strComputer | strVersion | strLanguage | strMovilDevice | strModel | strOperatingSystem | strPassword | strConfirmPassword |
| Lizeth | Ortega | linkliz96@gmail.com | January | 7 | 1996 | Spanish | Calarcá | 632001 | Colombia | Windows | 10 | Spanish | Xiaomi | Redmi 9 | Android 10 | Linkliz0321* | Linkliz0321* | [Brandon form one [Brandon enters 'Lizeth' into input where do write the name, Brandon enters 'Ortega' into input where do write the last name, Brandon enters 'linkliz96@gmail.com' into input where do write  the email, Brandon select January on input where do write  the birthday month, Brandon select 7 on input where do write  the birthday month, Brandon select 1996 on input where do write  the birthday month]]
[Test worker] WARN net.thucydides.core.steps.BaseStepListener - stepStarted: net.thucydides.core.steps.ExecutedStepDescription@79591933
[Test worker] WARN net.thucydides.core.steps.BaseStepListener - stepFinished: current outcome:A new user at the platform uTest:Given than brandon wants to sign up at the uTest page [Brandon open up [Brandon opens the U test page], Brandon sign up [Brandon clicks on button that shows us the form to sign up]], When fill in the form for registration
| strFirstName | strLastName | strEmailAddress | strMount | strDay | strYear | strLanguages | strCity | strPostalCode | strCountry | strComputer | strVersion | strLanguage | strMovilDevice | strModel | strOperatingSystem | strPassword | strConfirmPassword |
| Lizeth | Ortega | linkliz96@gmail.com | January | 7 | 1996 | Spanish | Calarcá | 632001 | Colombia | Windows | 10 | Spanish | Xiaomi | Redmi 9 | Android 10 | Linkliz0321* | Linkliz0321* | [Brandon form one [Brandon enters 'Lizeth' into input where do write the name, Brandon enters 'Ortega' into input where do write the last name, Brandon enters 'linkliz96@gmail.com' into input where do write  the email, Brandon select January on input where do write  the birthday month, Brandon select 7 on input where do write  the birthday month, Brandon select 1996 on input where do write  the birthday month, Brandon enters 'Spanish' then hits [ENTER] into input where do write  the different languages]]
[Test worker] WARN net.thucydides.core.steps.BaseStepListener - stepStarted: net.thucydides.core.steps.ExecutedStepDescription@7aec462
[Test worker] WARN net.thucydides.core.steps.BaseStepListener - stepFinished: current outcome:A new user at the platform uTest:Given than brandon wants to sign up at the uTest page [Brandon open up [Brandon opens the U test page], Brandon sign up [Brandon clicks on button that shows us the form to sign up]], When fill in the form for registration
| strFirstName | strLastName | strEmailAddress | strMount | strDay | strYear | strLanguages | strCity | strPostalCode | strCountry | strComputer | strVersion | strLanguage | strMovilDevice | strModel | strOperatingSystem | strPassword | strConfirmPassword |
| Lizeth | Ortega | linkliz96@gmail.com | January | 7 | 1996 | Spanish | Calarcá | 632001 | Colombia | Windows | 10 | Spanish | Xiaomi | Redmi 9 | Android 10 | Linkliz0321* | Linkliz0321* | [Brandon form one [Brandon enters 'Lizeth' into input where do write the name, Brandon enters 'Ortega' into input where do write the last name, Brandon enters 'linkliz96@gmail.com' into input where do write  the email, Brandon select January on input where do write  the birthday month, Brandon select 7 on input where do write  the birthday month, Brandon select 1996 on input where do write  the birthday month, Brandon enters 'Spanish' then hits [ENTER] into input where do write  the different languages, Brandon clicks on button for next step of form sign up]]
[Test worker] WARN net.thucydides.core.steps.BaseStepListener - stepFinished: current outcome:A new user at the platform uTest:Given than brandon wants to sign up at the uTest page [Brandon open up [Brandon opens the U test page], Brandon sign up [Brandon clicks on button that shows us the form to sign up]], When fill in the form for registration
| strFirstName | strLastName | strEmailAddress | strMount | strDay | strYear | strLanguages | strCity | strPostalCode | strCountry | strComputer | strVersion | strLanguage | strMovilDevice | strModel | strOperatingSystem | strPassword | strConfirmPassword |
| Lizeth | Ortega | linkliz96@gmail.com | January | 7 | 1996 | Spanish | Calarcá | 632001 | Colombia | Windows | 10 | Spanish | Xiaomi | Redmi 9 | Android 10 | Linkliz0321* | Linkliz0321* | [Brandon form one [Brandon enters 'Lizeth' into input where do write the name, Brandon enters 'Ortega' into input where do write the last name, Brandon enters 'linkliz96@gmail.com' into input where do write  the email, Brandon select January on input where do write  the birthday month, Brandon select 7 on input where do write  the birthday month, Brandon select 1996 on input where do write  the birthday month, Brandon enters 'Spanish' then hits [ENTER] into input where do write  the different languages, Brandon clicks on button for next step of form sign up]]
[Test worker] WARN net.thucydides.core.steps.BaseStepListener - stepStarted: net.thucydides.core.steps.ExecutedStepDescription@a0e5920
[Test worker] WARN net.thucydides.core.steps.BaseStepListener - stepStarted: net.thucydides.core.steps.ExecutedStepDescription@2be3162d
[Test worker] WARN net.thucydides.core.steps.BaseStepListener - stepFinished: current outcome:A new user at the platform uTest:Given than brandon wants to sign up at the uTest page [Brandon open up [Brandon opens the U test page], Brandon sign up [Brandon clicks on button that shows us the form to sign up]], When fill in the form for registration
| strFirstName | strLastName | strEmailAddress | strMount | strDay | strYear | strLanguages | strCity | strPostalCode | strCountry | strComputer | strVersion | strLanguage | strMovilDevice | strModel | strOperatingSystem | strPassword | strConfirmPassword |
| Lizeth | Ortega | linkliz96@gmail.com | January | 7 | 1996 | Spanish | Calarcá | 632001 | Colombia | Windows | 10 | Spanish | Xiaomi | Redmi 9 | Android 10 | Linkliz0321* | Linkliz0321* | [Brandon form one [Brandon enters 'Lizeth' into input where do write the name, Brandon enters 'Ortega' into input where do write the last name, Brandon enters 'linkliz96@gmail.com' into input where do write  the email, Brandon select January on input where do write  the birthday month, Brandon select 7 on input where do write  the birthday month, Brandon select 1996 on input where do write  the birthday month, Brandon enters 'Spanish' then hits [ENTER] into input where do write  the different languages, Brandon clicks on button for next step of form sign up], Brandon form two [Brandon enters 'Calarcá' into input where do write the name city]]
[Test worker] WARN net.thucydides.core.steps.BaseStepListener - stepStarted: net.thucydides.core.steps.ExecutedStepDescription@689ae5fa
[Test worker] WARN net.thucydides.core.steps.BaseStepListener - stepFinished: current outcome:A new user at the platform uTest:Given than brandon wants to sign up at the uTest page [Brandon open up [Brandon opens the U test page], Brandon sign up [Brandon clicks on button that shows us the form to sign up]], When fill in the form for registration
| strFirstName | strLastName | strEmailAddress | strMount | strDay | strYear | strLanguages | strCity | strPostalCode | strCountry | strComputer | strVersion | strLanguage | strMovilDevice | strModel | strOperatingSystem | strPassword | strConfirmPassword |
| Lizeth | Ortega | linkliz96@gmail.com | January | 7 | 1996 | Spanish | Calarcá | 632001 | Colombia | Windows | 10 | Spanish | Xiaomi | Redmi 9 | Android 10 | Linkliz0321* | Linkliz0321* | [Brandon form one [Brandon enters 'Lizeth' into input where do write the name, Brandon enters 'Ortega' into input where do write the last name, Brandon enters 'linkliz96@gmail.com' into input where do write  the email, Brandon select January on input where do write  the birthday month, Brandon select 7 on input where do write  the birthday month, Brandon select 1996 on input where do write  the birthday month, Brandon enters 'Spanish' then hits [ENTER] into input where do write  the different languages, Brandon clicks on button for next step of form sign up], Brandon form two [Brandon enters 'Calarcá' into input where do write the name city, Brandon enters '632001' into input where do write the postal code]]
[Test worker] WARN net.thucydides.core.steps.BaseStepListener - stepStarted: net.thucydides.core.steps.ExecutedStepDescription@54ee21fe
[Test worker] WARN net.thucydides.core.steps.BaseStepListener - stepFinished: current outcome:A new user at the platform uTest:Given than brandon wants to sign up at the uTest page [Brandon open up [Brandon opens the U test page], Brandon sign up [Brandon clicks on button that shows us the form to sign up]], When fill in the form for registration
| strFirstName | strLastName | strEmailAddress | strMount | strDay | strYear | strLanguages | strCity | strPostalCode | strCountry | strComputer | strVersion | strLanguage | strMovilDevice | strModel | strOperatingSystem | strPassword | strConfirmPassword |
| Lizeth | Ortega | linkliz96@gmail.com | January | 7 | 1996 | Spanish | Calarcá | 632001 | Colombia | Windows | 10 | Spanish | Xiaomi | Redmi 9 | Android 10 | Linkliz0321* | Linkliz0321* | [Brandon form one [Brandon enters 'Lizeth' into input where do write the name, Brandon enters 'Ortega' into input where do write the last name, Brandon enters 'linkliz96@gmail.com' into input where do write  the email, Brandon select January on input where do write  the birthday month, Brandon select 7 on input where do write  the birthday month, Brandon select 1996 on input where do write  the birthday month, Brandon enters 'Spanish' then hits [ENTER] into input where do write  the different languages, Brandon clicks on button for next step of form sign up], Brandon form two [Brandon enters 'Calarcá' into input where do write the name city, Brandon enters '632001' into input where do write the postal code, Brandon enters 'Colombia' then hits [ENTER] into input where do write the name country]]
[Test worker] WARN net.thucydides.core.steps.BaseStepListener - stepStarted: net.thucydides.core.steps.ExecutedStepDescription@2d628e3
[Test worker] WARN net.thucydides.core.steps.BaseStepListener - stepFinished: current outcome:A new user at the platform uTest:Given than brandon wants to sign up at the uTest page [Brandon open up [Brandon opens the U test page], Brandon sign up [Brandon clicks on button that shows us the form to sign up]], When fill in the form for registration
| strFirstName | strLastName | strEmailAddress | strMount | strDay | strYear | strLanguages | strCity | strPostalCode | strCountry | strComputer | strVersion | strLanguage | strMovilDevice | strModel | strOperatingSystem | strPassword | strConfirmPassword |
| Lizeth | Ortega | linkliz96@gmail.com | January | 7 | 1996 | Spanish | Calarcá | 632001 | Colombia | Windows | 10 | Spanish | Xiaomi | Redmi 9 | Android 10 | Linkliz0321* | Linkliz0321* | [Brandon form one [Brandon enters 'Lizeth' into input where do write the name, Brandon enters 'Ortega' into input where do write the last name, Brandon enters 'linkliz96@gmail.com' into input where do write  the email, Brandon select January on input where do write  the birthday month, Brandon select 7 on input where do write  the birthday month, Brandon select 1996 on input where do write  the birthday month, Brandon enters 'Spanish' then hits [ENTER] into input where do write  the different languages, Brandon clicks on button for next step of form sign up], Brandon form two [Brandon enters 'Calarcá' into input where do write the name city, Brandon enters '632001' into input where do write the postal code, Brandon enters 'Colombia' then hits [ENTER] into input where do write the name country, Brandon clicks on button for next step of form sign up]]
[Test worker] WARN net.thucydides.core.steps.BaseStepListener - stepFinished: current outcome:A new user at the platform uTest:Given than brandon wants to sign up at the uTest page [Brandon open up [Brandon opens the U test page], Brandon sign up [Brandon clicks on button that shows us the form to sign up]], When fill in the form for registration
| strFirstName | strLastName | strEmailAddress | strMount | strDay | strYear | strLanguages | strCity | strPostalCode | strCountry | strComputer | strVersion | strLanguage | strMovilDevice | strModel | strOperatingSystem | strPassword | strConfirmPassword |
| Lizeth | Ortega | linkliz96@gmail.com | January | 7 | 1996 | Spanish | Calarcá | 632001 | Colombia | Windows | 10 | Spanish | Xiaomi | Redmi 9 | Android 10 | Linkliz0321* | Linkliz0321* | [Brandon form one [Brandon enters 'Lizeth' into input where do write the name, Brandon enters 'Ortega' into input where do write the last name, Brandon enters 'linkliz96@gmail.com' into input where do write  the email, Brandon select January on input where do write  the birthday month, Brandon select 7 on input where do write  the birthday month, Brandon select 1996 on input where do write  the birthday month, Brandon enters 'Spanish' then hits [ENTER] into input where do write  the different languages, Brandon clicks on button for next step of form sign up], Brandon form two [Brandon enters 'Calarcá' into input where do write the name city, Brandon enters '632001' into input where do write the postal code, Brandon enters 'Colombia' then hits [ENTER] into input where do write the name country, Brandon clicks on button for next step of form sign up]]
[Test worker] WARN net.thucydides.core.steps.BaseStepListener - stepStarted: net.thucydides.core.steps.ExecutedStepDescription@22db65a2
[Test worker] WARN net.thucydides.core.steps.BaseStepListener - stepStarted: net.thucydides.core.steps.ExecutedStepDescription@1adf60b4
[Test worker] WARN net.thucydides.core.steps.BaseStepListener - stepFinished: current outcome:A new user at the platform uTest:Given than brandon wants to sign up at the uTest page [Brandon open up [Brandon opens the U test page], Brandon sign up [Brandon clicks on button that shows us the form to sign up]], When fill in the form for registration
| strFirstName | strLastName | strEmailAddress | strMount | strDay | strYear | strLanguages | strCity | strPostalCode | strCountry | strComputer | strVersion | strLanguage | strMovilDevice | strModel | strOperatingSystem | strPassword | strConfirmPassword |
| Lizeth | Ortega | linkliz96@gmail.com | January | 7 | 1996 | Spanish | Calarcá | 632001 | Colombia | Windows | 10 | Spanish | Xiaomi | Redmi 9 | Android 10 | Linkliz0321* | Linkliz0321* | [Brandon form one [Brandon enters 'Lizeth' into input where do write the name, Brandon enters 'Ortega' into input where do write the last name, Brandon enters 'linkliz96@gmail.com' into input where do write  the email, Brandon select January on input where do write  the birthday month, Brandon select 7 on input where do write  the birthday month, Brandon select 1996 on input where do write  the birthday month, Brandon enters 'Spanish' then hits [ENTER] into input where do write  the different languages, Brandon clicks on button for next step of form sign up], Brandon form two [Brandon enters 'Calarcá' into input where do write the name city, Brandon enters '632001' into input where do write the postal code, Brandon enters 'Colombia' then hits [ENTER] into input where do write the name country, Brandon clicks on button for next step of form sign up], Brandon form three [Brandon clicks on where do we write your movil device brand]]
[Test worker] WARN net.thucydides.core.steps.BaseStepListener - stepStarted: net.thucydides.core.steps.ExecutedStepDescription@20fc72ab
[Test worker] WARN net.thucydides.core.steps.BaseStepListener - stepFinished: current outcome:A new user at the platform uTest:Given than brandon wants to sign up at the uTest page [Brandon open up [Brandon opens the U test page], Brandon sign up [Brandon clicks on button that shows us the form to sign up]], When fill in the form for registration
| strFirstName | strLastName | strEmailAddress | strMount | strDay | strYear | strLanguages | strCity | strPostalCode | strCountry | strComputer | strVersion | strLanguage | strMovilDevice | strModel | strOperatingSystem | strPassword | strConfirmPassword |
| Lizeth | Ortega | linkliz96@gmail.com | January | 7 | 1996 | Spanish | Calarcá | 632001 | Colombia | Windows | 10 | Spanish | Xiaomi | Redmi 9 | Android 10 | Linkliz0321* | Linkliz0321* | [Brandon form one [Brandon enters 'Lizeth' into input where do write the name, Brandon enters 'Ortega' into input where do write the last name, Brandon enters 'linkliz96@gmail.com' into input where do write  the email, Brandon select January on input where do write  the birthday month, Brandon select 7 on input where do write  the birthday month, Brandon select 1996 on input where do write  the birthday month, Brandon enters 'Spanish' then hits [ENTER] into input where do write  the different languages, Brandon clicks on button for next step of form sign up], Brandon form two [Brandon enters 'Calarcá' into input where do write the name city, Brandon enters '632001' into input where do write the postal code, Brandon enters 'Colombia' then hits [ENTER] into input where do write the name country, Brandon clicks on button for next step of form sign up], Brandon form three [Brandon clicks on where do we write your movil device brand, Brandon enters 'Xiaomi' then hits [ENTER] into where do we write your movil device brand]]
[Test worker] WARN net.thucydides.core.steps.BaseStepListener - stepStarted: net.thucydides.core.steps.ExecutedStepDescription@68962066
[Test worker] WARN net.thucydides.core.steps.BaseStepListener - stepFinished: current outcome:A new user at the platform uTest:Given than brandon wants to sign up at the uTest page [Brandon open up [Brandon opens the U test page], Brandon sign up [Brandon clicks on button that shows us the form to sign up]], When fill in the form for registration
| strFirstName | strLastName | strEmailAddress | strMount | strDay | strYear | strLanguages | strCity | strPostalCode | strCountry | strComputer | strVersion | strLanguage | strMovilDevice | strModel | strOperatingSystem | strPassword | strConfirmPassword |
| Lizeth | Ortega | linkliz96@gmail.com | January | 7 | 1996 | Spanish | Calarcá | 632001 | Colombia | Windows | 10 | Spanish | Xiaomi | Redmi 9 | Android 10 | Linkliz0321* | Linkliz0321* | [Brandon form one [Brandon enters 'Lizeth' into input where do write the name, Brandon enters 'Ortega' into input where do write the last name, Brandon enters 'linkliz96@gmail.com' into input where do write  the email, Brandon select January on input where do write  the birthday month, Brandon select 7 on input where do write  the birthday month, Brandon select 1996 on input where do write  the birthday month, Brandon enters 'Spanish' then hits [ENTER] into input where do write  the different languages, Brandon clicks on button for next step of form sign up], Brandon form two [Brandon enters 'Calarcá' into input where do write the name city, Brandon enters '632001' into input where do write the postal code, Brandon enters 'Colombia' then hits [ENTER] into input where do write the name country, Brandon clicks on button for next step of form sign up], Brandon form three [Brandon clicks on where do we write your movil device brand, Brandon enters 'Xiaomi' then hits [ENTER] into where do we write your movil device brand, Brandon clicks on where do we write your movil device model]]
[Test worker] WARN net.thucydides.core.steps.BaseStepListener - stepStarted: net.thucydides.core.steps.ExecutedStepDescription@ade0afb
[Test worker] WARN net.thucydides.core.steps.BaseStepListener - stepFinished: current outcome:A new user at the platform uTest:Given than brandon wants to sign up at the uTest page [Brandon open up [Brandon opens the U test page], Brandon sign up [Brandon clicks on button that shows us the form to sign up]], When fill in the form for registration
| strFirstName | strLastName | strEmailAddress | strMount | strDay | strYear | strLanguages | strCity | strPostalCode | strCountry | strComputer | strVersion | strLanguage | strMovilDevice | strModel | strOperatingSystem | strPassword | strConfirmPassword |
| Lizeth | Ortega | linkliz96@gmail.com | January | 7 | 1996 | Spanish | Calarcá | 632001 | Colombia | Windows | 10 | Spanish | Xiaomi | Redmi 9 | Android 10 | Linkliz0321* | Linkliz0321* | [Brandon form one [Brandon enters 'Lizeth' into input where do write the name, Brandon enters 'Ortega' into input where do write the last name, Brandon enters 'linkliz96@gmail.com' into input where do write  the email, Brandon select January on input where do write  the birthday month, Brandon select 7 on input where do write  the birthday month, Brandon select 1996 on input where do write  the birthday month, Brandon enters 'Spanish' then hits [ENTER] into input where do write  the different languages, Brandon clicks on button for next step of form sign up], Brandon form two [Brandon enters 'Calarcá' into input where do write the name city, Brandon enters '632001' into input where do write the postal code, Brandon enters 'Colombia' then hits [ENTER] into input where do write the name country, Brandon clicks on button for next step of form sign up], Brandon form three [Brandon clicks on where do we write your movil device brand, Brandon enters 'Xiaomi' then hits [ENTER] into where do we write your movil device brand, Brandon clicks on where do we write your movil device model, Brandon enters 'Redmi 9' then hits [ENTER] into where do we write your movil device model]]
[Test worker] WARN net.thucydides.core.steps.BaseStepListener - stepStarted: net.thucydides.core.steps.ExecutedStepDescription@29fa546d
[Test worker] WARN net.thucydides.core.steps.BaseStepListener - stepFinished: current outcome:A new user at the platform uTest:Given than brandon wants to sign up at the uTest page [Brandon open up [Brandon opens the U test page], Brandon sign up [Brandon clicks on button that shows us the form to sign up]], When fill in the form for registration
| strFirstName | strLastName | strEmailAddress | strMount | strDay | strYear | strLanguages | strCity | strPostalCode | strCountry | strComputer | strVersion | strLanguage | strMovilDevice | strModel | strOperatingSystem | strPassword | strConfirmPassword |
| Lizeth | Ortega | linkliz96@gmail.com | January | 7 | 1996 | Spanish | Calarcá | 632001 | Colombia | Windows | 10 | Spanish | Xiaomi | Redmi 9 | Android 10 | Linkliz0321* | Linkliz0321* | [Brandon form one [Brandon enters 'Lizeth' into input where do write the name, Brandon enters 'Ortega' into input where do write the last name, Brandon enters 'linkliz96@gmail.com' into input where do write  the email, Brandon select January on input where do write  the birthday month, Brandon select 7 on input where do write  the birthday month, Brandon select 1996 on input where do write  the birthday month, Brandon enters 'Spanish' then hits [ENTER] into input where do write  the different languages, Brandon clicks on button for next step of form sign up], Brandon form two [Brandon enters 'Calarcá' into input where do write the name city, Brandon enters '632001' into input where do write the postal code, Brandon enters 'Colombia' then hits [ENTER] into input where do write the name country, Brandon clicks on button for next step of form sign up], Brandon form three [Brandon clicks on where do we write your movil device brand, Brandon enters 'Xiaomi' then hits [ENTER] into where do we write your movil device brand, Brandon clicks on where do we write your movil device model, Brandon enters 'Redmi 9' then hits [ENTER] into where do we write your movil device model, Brandon clicks on where do we write your movil device OS]]
[Test worker] WARN net.thucydides.core.steps.BaseStepListener - stepStarted: net.thucydides.core.steps.ExecutedStepDescription@7b229a7d
[Test worker] WARN net.thucydides.core.steps.BaseStepListener - stepFinished: current outcome:A new user at the platform uTest:Given than brandon wants to sign up at the uTest page [Brandon open up [Brandon opens the U test page], Brandon sign up [Brandon clicks on button that shows us the form to sign up]], When fill in the form for registration
| strFirstName | strLastName | strEmailAddress | strMount | strDay | strYear | strLanguages | strCity | strPostalCode | strCountry | strComputer | strVersion | strLanguage | strMovilDevice | strModel | strOperatingSystem | strPassword | strConfirmPassword |
| Lizeth | Ortega | linkliz96@gmail.com | January | 7 | 1996 | Spanish | Calarcá | 632001 | Colombia | Windows | 10 | Spanish | Xiaomi | Redmi 9 | Android 10 | Linkliz0321* | Linkliz0321* | [Brandon form one [Brandon enters 'Lizeth' into input where do write the name, Brandon enters 'Ortega' into input where do write the last name, Brandon enters 'linkliz96@gmail.com' into input where do write  the email, Brandon select January on input where do write  the birthday month, Brandon select 7 on input where do write  the birthday month, Brandon select 1996 on input where do write  the birthday month, Brandon enters 'Spanish' then hits [ENTER] into input where do write  the different languages, Brandon clicks on button for next step of form sign up], Brandon form two [Brandon enters 'Calarcá' into input where do write the name city, Brandon enters '632001' into input where do write the postal code, Brandon enters 'Colombia' then hits [ENTER] into input where do write the name country, Brandon clicks on button for next step of form sign up], Brandon form three [Brandon clicks on where do we write your movil device brand, Brandon enters 'Xiaomi' then hits [ENTER] into where do we write your movil device brand, Brandon clicks on where do we write your movil device model, Brandon enters 'Redmi 9' then hits [ENTER] into where do we write your movil device model, Brandon clicks on where do we write your movil device OS, Brandon enters 'Android 10' then hits [ENTER] into where do we write your movil device OS]]
[Test worker] WARN net.thucydides.core.steps.BaseStepListener - stepStarted: net.thucydides.core.steps.ExecutedStepDescription@4830249
[Test worker] WARN net.thucydides.core.steps.BaseStepListener - stepFinished: current outcome:A new user at the platform uTest:Given than brandon wants to sign up at the uTest page [Brandon open up [Brandon opens the U test page], Brandon sign up [Brandon clicks on button that shows us the form to sign up]], When fill in the form for registration
| strFirstName | strLastName | strEmailAddress | strMount | strDay | strYear | strLanguages | strCity | strPostalCode | strCountry | strComputer | strVersion | strLanguage | strMovilDevice | strModel | strOperatingSystem | strPassword | strConfirmPassword |
| Lizeth | Ortega | linkliz96@gmail.com | January | 7 | 1996 | Spanish | Calarcá | 632001 | Colombia | Windows | 10 | Spanish | Xiaomi | Redmi 9 | Android 10 | Linkliz0321* | Linkliz0321* | [Brandon form one [Brandon enters 'Lizeth' into input where do write the name, Brandon enters 'Ortega' into input where do write the last name, Brandon enters 'linkliz96@gmail.com' into input where do write  the email, Brandon select January on input where do write  the birthday month, Brandon select 7 on input where do write  the birthday month, Brandon select 1996 on input where do write  the birthday month, Brandon enters 'Spanish' then hits [ENTER] into input where do write  the different languages, Brandon clicks on button for next step of form sign up], Brandon form two [Brandon enters 'Calarcá' into input where do write the name city, Brandon enters '632001' into input where do write the postal code, Brandon enters 'Colombia' then hits [ENTER] into input where do write the name country, Brandon clicks on button for next step of form sign up], Brandon form three [Brandon clicks on where do we write your movil device brand, Brandon enters 'Xiaomi' then hits [ENTER] into where do we write your movil device brand, Brandon clicks on where do we write your movil device model, Brandon enters 'Redmi 9' then hits [ENTER] into where do we write your movil device model, Brandon clicks on where do we write your movil device OS, Brandon enters 'Android 10' then hits [ENTER] into where do we write your movil device OS, Brandon clicks on button for next step of form sign up]]
[Test worker] WARN net.thucydides.core.steps.BaseStepListener - stepFinished: current outcome:A new user at the platform uTest:Given than brandon wants to sign up at the uTest page [Brandon open up [Brandon opens the U test page], Brandon sign up [Brandon clicks on button that shows us the form to sign up]], When fill in the form for registration
| strFirstName | strLastName | strEmailAddress | strMount | strDay | strYear | strLanguages | strCity | strPostalCode | strCountry | strComputer | strVersion | strLanguage | strMovilDevice | strModel | strOperatingSystem | strPassword | strConfirmPassword |
| Lizeth | Ortega | linkliz96@gmail.com | January | 7 | 1996 | Spanish | Calarcá | 632001 | Colombia | Windows | 10 | Spanish | Xiaomi | Redmi 9 | Android 10 | Linkliz0321* | Linkliz0321* | [Brandon form one [Brandon enters 'Lizeth' into input where do write the name, Brandon enters 'Ortega' into input where do write the last name, Brandon enters 'linkliz96@gmail.com' into input where do write  the email, Brandon select January on input where do write  the birthday month, Brandon select 7 on input where do write  the birthday month, Brandon select 1996 on input where do write  the birthday month, Brandon enters 'Spanish' then hits [ENTER] into input where do write  the different languages, Brandon clicks on button for next step of form sign up], Brandon form two [Brandon enters 'Calarcá' into input where do write the name city, Brandon enters '632001' into input where do write the postal code, Brandon enters 'Colombia' then hits [ENTER] into input where do write the name country, Brandon clicks on button for next step of form sign up], Brandon form three [Brandon clicks on where do we write your movil device brand, Brandon enters 'Xiaomi' then hits [ENTER] into where do we write your movil device brand, Brandon clicks on where do we write your movil device model, Brandon enters 'Redmi 9' then hits [ENTER] into where do we write your movil device model, Brandon clicks on where do we write your movil device OS, Brandon enters 'Android 10' then hits [ENTER] into where do we write your movil device OS, Brandon clicks on button for next step of form sign up]]
[Test worker] WARN net.thucydides.core.steps.BaseStepListener - stepStarted: net.thucydides.core.steps.ExecutedStepDescription@21ed9c80
[Test worker] WARN net.thucydides.core.steps.BaseStepListener - stepStarted: net.thucydides.core.steps.ExecutedStepDescription@4057678e
[Test worker] WARN net.thucydides.core.steps.BaseStepListener - stepFinished: current outcome:A new user at the platform uTest:Given than brandon wants to sign up at the uTest page [Brandon open up [Brandon opens the U test page], Brandon sign up [Brandon clicks on button that shows us the form to sign up]], When fill in the form for registration
| strFirstName | strLastName | strEmailAddress | strMount | strDay | strYear | strLanguages | strCity | strPostalCode | strCountry | strComputer | strVersion | strLanguage | strMovilDevice | strModel | strOperatingSystem | strPassword | strConfirmPassword |
| Lizeth | Ortega | linkliz96@gmail.com | January | 7 | 1996 | Spanish | Calarcá | 632001 | Colombia | Windows | 10 | Spanish | Xiaomi | Redmi 9 | Android 10 | Linkliz0321* | Linkliz0321* | [Brandon form one [Brandon enters 'Lizeth' into input where do write the name, Brandon enters 'Ortega' into input where do write the last name, Brandon enters 'linkliz96@gmail.com' into input where do write  the email, Brandon select January on input where do write  the birthday month, Brandon select 7 on input where do write  the birthday month, Brandon select 1996 on input where do write  the birthday month, Brandon enters 'Spanish' then hits [ENTER] into input where do write  the different languages, Brandon clicks on button for next step of form sign up], Brandon form two [Brandon enters 'Calarcá' into input where do write the name city, Brandon enters '632001' into input where do write the postal code, Brandon enters 'Colombia' then hits [ENTER] into input where do write the name country, Brandon clicks on button for next step of form sign up], Brandon form three [Brandon clicks on where do we write your movil device brand, Brandon enters 'Xiaomi' then hits [ENTER] into where do we write your movil device brand, Brandon clicks on where do we write your movil device model, Brandon enters 'Redmi 9' then hits [ENTER] into where do we write your movil device model, Brandon clicks on where do we write your movil device OS, Brandon enters 'Android 10' then hits [ENTER] into where do we write your movil device OS, Brandon clicks on button for next step of form sign up], Brandon form four [Brandon enters 'Linkliz0321*' into input where do write the new password]]
[Test worker] WARN net.thucydides.core.steps.BaseStepListener - stepStarted: net.thucydides.core.steps.ExecutedStepDescription@4139f4de
[Test worker] WARN net.thucydides.core.steps.BaseStepListener - stepFinished: current outcome:A new user at the platform uTest:Given than brandon wants to sign up at the uTest page [Brandon open up [Brandon opens the U test page], Brandon sign up [Brandon clicks on button that shows us the form to sign up]], When fill in the form for registration
| strFirstName | strLastName | strEmailAddress | strMount | strDay | strYear | strLanguages | strCity | strPostalCode | strCountry | strComputer | strVersion | strLanguage | strMovilDevice | strModel | strOperatingSystem | strPassword | strConfirmPassword |
| Lizeth | Ortega | linkliz96@gmail.com | January | 7 | 1996 | Spanish | Calarcá | 632001 | Colombia | Windows | 10 | Spanish | Xiaomi | Redmi 9 | Android 10 | Linkliz0321* | Linkliz0321* | [Brandon form one [Brandon enters 'Lizeth' into input where do write the name, Brandon enters 'Ortega' into input where do write the last name, Brandon enters 'linkliz96@gmail.com' into input where do write  the email, Brandon select January on input where do write  the birthday month, Brandon select 7 on input where do write  the birthday month, Brandon select 1996 on input where do write  the birthday month, Brandon enters 'Spanish' then hits [ENTER] into input where do write  the different languages, Brandon clicks on button for next step of form sign up], Brandon form two [Brandon enters 'Calarcá' into input where do write the name city, Brandon enters '632001' into input where do write the postal code, Brandon enters 'Colombia' then hits [ENTER] into input where do write the name country, Brandon clicks on button for next step of form sign up], Brandon form three [Brandon clicks on where do we write your movil device brand, Brandon enters 'Xiaomi' then hits [ENTER] into where do we write your movil device brand, Brandon clicks on where do we write your movil device model, Brandon enters 'Redmi 9' then hits [ENTER] into where do we write your movil device model, Brandon clicks on where do we write your movil device OS, Brandon enters 'Android 10' then hits [ENTER] into where do we write your movil device OS, Brandon clicks on button for next step of form sign up], Brandon form four [Brandon enters 'Linkliz0321*' into input where do write the new password, Brandon enters 'Linkliz0321*' into input where do write the confirmed password]]
[Test worker] WARN net.thucydides.core.steps.BaseStepListener - stepStarted: net.thucydides.core.steps.ExecutedStepDescription@26e15c3b
[Test worker] WARN net.thucydides.core.steps.BaseStepListener - stepFinished: current outcome:A new user at the platform uTest:Given than brandon wants to sign up at the uTest page [Brandon open up [Brandon opens the U test page], Brandon sign up [Brandon clicks on button that shows us the form to sign up]], When fill in the form for registration
| strFirstName | strLastName | strEmailAddress | strMount | strDay | strYear | strLanguages | strCity | strPostalCode | strCountry | strComputer | strVersion | strLanguage | strMovilDevice | strModel | strOperatingSystem | strPassword | strConfirmPassword |
| Lizeth | Ortega | linkliz96@gmail.com | January | 7 | 1996 | Spanish | Calarcá | 632001 | Colombia | Windows | 10 | Spanish | Xiaomi | Redmi 9 | Android 10 | Linkliz0321* | Linkliz0321* | [Brandon form one [Brandon enters 'Lizeth' into input where do write the name, Brandon enters 'Ortega' into input where do write the last name, Brandon enters 'linkliz96@gmail.com' into input where do write  the email, Brandon select January on input where do write  the birthday month, Brandon select 7 on input where do write  the birthday month, Brandon select 1996 on input where do write  the birthday month, Brandon enters 'Spanish' then hits [ENTER] into input where do write  the different languages, Brandon clicks on button for next step of form sign up], Brandon form two [Brandon enters 'Calarcá' into input where do write the name city, Brandon enters '632001' into input where do write the postal code, Brandon enters 'Colombia' then hits [ENTER] into input where do write the name country, Brandon clicks on button for next step of form sign up], Brandon form three [Brandon clicks on where do we write your movil device brand, Brandon enters 'Xiaomi' then hits [ENTER] into where do we write your movil device brand, Brandon clicks on where do we write your movil device model, Brandon enters 'Redmi 9' then hits [ENTER] into where do we write your movil device model, Brandon clicks on where do we write your movil device OS, Brandon enters 'Android 10' then hits [ENTER] into where do we write your movil device OS, Brandon clicks on button for next step of form sign up], Brandon form four [Brandon enters 'Linkliz0321*' into input where do write the new password, Brandon enters 'Linkliz0321*' into input where do write the confirmed password, Brandon clicks on Where you agree to receive information from utest]]
[Test worker] WARN net.thucydides.core.steps.BaseStepListener - stepStarted: net.thucydides.core.steps.ExecutedStepDescription@7988cdf1
[Test worker] WARN net.thucydides.core.steps.BaseStepListener - stepFinished: current outcome:A new user at the platform uTest:Given than brandon wants to sign up at the uTest page [Brandon open up [Brandon opens the U test page], Brandon sign up [Brandon clicks on button that shows us the form to sign up]], When fill in the form for registration
| strFirstName | strLastName | strEmailAddress | strMount | strDay | strYear | strLanguages | strCity | strPostalCode | strCountry | strComputer | strVersion | strLanguage | strMovilDevice | strModel | strOperatingSystem | strPassword | strConfirmPassword |
| Lizeth | Ortega | linkliz96@gmail.com | January | 7 | 1996 | Spanish | Calarcá | 632001 | Colombia | Windows | 10 | Spanish | Xiaomi | Redmi 9 | Android 10 | Linkliz0321* | Linkliz0321* | [Brandon form one [Brandon enters 'Lizeth' into input where do write the name, Brandon enters 'Ortega' into input where do write the last name, Brandon enters 'linkliz96@gmail.com' into input where do write  the email, Brandon select January on input where do write  the birthday month, Brandon select 7 on input where do write  the birthday month, Brandon select 1996 on input where do write  the birthday month, Brandon enters 'Spanish' then hits [ENTER] into input where do write  the different languages, Brandon clicks on button for next step of form sign up], Brandon form two [Brandon enters 'Calarcá' into input where do write the name city, Brandon enters '632001' into input where do write the postal code, Brandon enters 'Colombia' then hits [ENTER] into input where do write the name country, Brandon clicks on button for next step of form sign up], Brandon form three [Brandon clicks on where do we write your movil device brand, Brandon enters 'Xiaomi' then hits [ENTER] into where do we write your movil device brand, Brandon clicks on where do we write your movil device model, Brandon enters 'Redmi 9' then hits [ENTER] into where do we write your movil device model, Brandon clicks on where do we write your movil device OS, Brandon enters 'Android 10' then hits [ENTER] into where do we write your movil device OS, Brandon clicks on button for next step of form sign up], Brandon form four [Brandon enters 'Linkliz0321*' into input where do write the new password, Brandon enters 'Linkliz0321*' into input where do write the confirmed password, Brandon clicks on Where you agree to receive information from utest, Brandon clicks on Where you agree to terms of use from utest]]
[Test worker] WARN net.thucydides.core.steps.BaseStepListener - stepStarted: net.thucydides.core.steps.ExecutedStepDescription@a2fedf2
[Test worker] WARN net.thucydides.core.steps.BaseStepListener - stepFinished: current outcome:A new user at the platform uTest:Given than brandon wants to sign up at the uTest page [Brandon open up [Brandon opens the U test page], Brandon sign up [Brandon clicks on button that shows us the form to sign up]], When fill in the form for registration
| strFirstName | strLastName | strEmailAddress | strMount | strDay | strYear | strLanguages | strCity | strPostalCode | strCountry | strComputer | strVersion | strLanguage | strMovilDevice | strModel | strOperatingSystem | strPassword | strConfirmPassword |
| Lizeth | Ortega | linkliz96@gmail.com | January | 7 | 1996 | Spanish | Calarcá | 632001 | Colombia | Windows | 10 | Spanish | Xiaomi | Redmi 9 | Android 10 | Linkliz0321* | Linkliz0321* | [Brandon form one [Brandon enters 'Lizeth' into input where do write the name, Brandon enters 'Ortega' into input where do write the last name, Brandon enters 'linkliz96@gmail.com' into input where do write  the email, Brandon select January on input where do write  the birthday month, Brandon select 7 on input where do write  the birthday month, Brandon select 1996 on input where do write  the birthday month, Brandon enters 'Spanish' then hits [ENTER] into input where do write  the different languages, Brandon clicks on button for next step of form sign up], Brandon form two [Brandon enters 'Calarcá' into input where do write the name city, Brandon enters '632001' into input where do write the postal code, Brandon enters 'Colombia' then hits [ENTER] into input where do write the name country, Brandon clicks on button for next step of form sign up], Brandon form three [Brandon clicks on where do we write your movil device brand, Brandon enters 'Xiaomi' then hits [ENTER] into where do we write your movil device brand, Brandon clicks on where do we write your movil device model, Brandon enters 'Redmi 9' then hits [ENTER] into where do we write your movil device model, Brandon clicks on where do we write your movil device OS, Brandon enters 'Android 10' then hits [ENTER] into where do we write your movil device OS, Brandon clicks on button for next step of form sign up], Brandon form four [Brandon enters 'Linkliz0321*' into input where do write the new password, Brandon enters 'Linkliz0321*' into input where do write the confirmed password, Brandon clicks on Where you agree to receive information from utest, Brandon clicks on Where you agree to terms of use from utest, Brandon clicks on Where you agree to politics from utest]]
[Test worker] WARN net.thucydides.core.steps.BaseStepListener - stepStarted: net.thucydides.core.steps.ExecutedStepDescription@71f2c11e
[Test worker] WARN net.thucydides.core.steps.BaseStepListener - stepFinished: current outcome:A new user at the platform uTest:Given than brandon wants to sign up at the uTest page [Brandon open up [Brandon opens the U test page], Brandon sign up [Brandon clicks on button that shows us the form to sign up]], When fill in the form for registration
| strFirstName | strLastName | strEmailAddress | strMount | strDay | strYear | strLanguages | strCity | strPostalCode | strCountry | strComputer | strVersion | strLanguage | strMovilDevice | strModel | strOperatingSystem | strPassword | strConfirmPassword |
| Lizeth | Ortega | linkliz96@gmail.com | January | 7 | 1996 | Spanish | Calarcá | 632001 | Colombia | Windows | 10 | Spanish | Xiaomi | Redmi 9 | Android 10 | Linkliz0321* | Linkliz0321* | [Brandon form one [Brandon enters 'Lizeth' into input where do write the name, Brandon enters 'Ortega' into input where do write the last name, Brandon enters 'linkliz96@gmail.com' into input where do write  the email, Brandon select January on input where do write  the birthday month, Brandon select 7 on input where do write  the birthday month, Brandon select 1996 on input where do write  the birthday month, Brandon enters 'Spanish' then hits [ENTER] into input where do write  the different languages, Brandon clicks on button for next step of form sign up], Brandon form two [Brandon enters 'Calarcá' into input where do write the name city, Brandon enters '632001' into input where do write the postal code, Brandon enters 'Colombia' then hits [ENTER] into input where do write the name country, Brandon clicks on button for next step of form sign up], Brandon form three [Brandon clicks on where do we write your movil device brand, Brandon enters 'Xiaomi' then hits [ENTER] into where do we write your movil device brand, Brandon clicks on where do we write your movil device model, Brandon enters 'Redmi 9' then hits [ENTER] into where do we write your movil device model, Brandon clicks on where do we write your movil device OS, Brandon enters 'Android 10' then hits [ENTER] into where do we write your movil device OS, Brandon clicks on button for next step of form sign up], Brandon form four [Brandon enters 'Linkliz0321*' into input where do write the new password, Brandon enters 'Linkliz0321*' into input where do write the confirmed password, Brandon clicks on Where you agree to receive information from utest, Brandon clicks on Where you agree to terms of use from utest, Brandon clicks on Where you agree to politics from utest, Brandon clicks on Button for finish the sing up form]]
[Test worker] WARN net.thucydides.core.steps.BaseStepListener - stepFinished: current outcome:A new user at the platform uTest:Given than brandon wants to sign up at the uTest page [Brandon open up [Brandon opens the U test page], Brandon sign up [Brandon clicks on button that shows us the form to sign up]], When fill in the form for registration
| strFirstName | strLastName | strEmailAddress | strMount | strDay | strYear | strLanguages | strCity | strPostalCode | strCountry | strComputer | strVersion | strLanguage | strMovilDevice | strModel | strOperatingSystem | strPassword | strConfirmPassword |
| Lizeth | Ortega | linkliz96@gmail.com | January | 7 | 1996 | Spanish | Calarcá | 632001 | Colombia | Windows | 10 | Spanish | Xiaomi | Redmi 9 | Android 10 | Linkliz0321* | Linkliz0321* | [Brandon form one [Brandon enters 'Lizeth' into input where do write the name, Brandon enters 'Ortega' into input where do write the last name, Brandon enters 'linkliz96@gmail.com' into input where do write  the email, Brandon select January on input where do write  the birthday month, Brandon select 7 on input where do write  the birthday month, Brandon select 1996 on input where do write  the birthday month, Brandon enters 'Spanish' then hits [ENTER] into input where do write  the different languages, Brandon clicks on button for next step of form sign up], Brandon form two [Brandon enters 'Calarcá' into input where do write the name city, Brandon enters '632001' into input where do write the postal code, Brandon enters 'Colombia' then hits [ENTER] into input where do write the name country, Brandon clicks on button for next step of form sign up], Brandon form three [Brandon clicks on where do we write your movil device brand, Brandon enters 'Xiaomi' then hits [ENTER] into where do we write your movil device brand, Brandon clicks on where do we write your movil device model, Brandon enters 'Redmi 9' then hits [ENTER] into where do we write your movil device model, Brandon clicks on where do we write your movil device OS, Brandon enters 'Android 10' then hits [ENTER] into where do we write your movil device OS, Brandon clicks on button for next step of form sign up], Brandon form four [Brandon enters 'Linkliz0321*' into input where do write the new password, Brandon enters 'Linkliz0321*' into input where do write the confirmed password, Brandon clicks on Where you agree to receive information from utest, Brandon clicks on Where you agree to terms of use from utest, Brandon clicks on Where you agree to politics from utest, Brandon clicks on Button for finish the sing up form]]
[Test worker] WARN net.thucydides.core.steps.BaseStepListener - stepFinished: current outcome:A new user at the platform uTest:Given than brandon wants to sign up at the uTest page [Brandon open up [Brandon opens the U test page], Brandon sign up [Brandon clicks on button that shows us the form to sign up]], When fill in the form for registration
| strFirstName | strLastName | strEmailAddress | strMount | strDay | strYear | strLanguages | strCity | strPostalCode | strCountry | strComputer | strVersion | strLanguage | strMovilDevice | strModel | strOperatingSystem | strPassword | strConfirmPassword |
| Lizeth | Ortega | linkliz96@gmail.com | January | 7 | 1996 | Spanish | Calarcá | 632001 | Colombia | Windows | 10 | Spanish | Xiaomi | Redmi 9 | Android 10 | Linkliz0321* | Linkliz0321* | [Brandon form one [Brandon enters 'Lizeth' into input where do write the name, Brandon enters 'Ortega' into input where do write the last name, Brandon enters 'linkliz96@gmail.com' into input where do write  the email, Brandon select January on input where do write  the birthday month, Brandon select 7 on input where do write  the birthday month, Brandon select 1996 on input where do write  the birthday month, Brandon enters 'Spanish' then hits [ENTER] into input where do write  the different languages, Brandon clicks on button for next step of form sign up], Brandon form two [Brandon enters 'Calarcá' into input where do write the name city, Brandon enters '632001' into input where do write the postal code, Brandon enters 'Colombia' then hits [ENTER] into input where do write the name country, Brandon clicks on button for next step of form sign up], Brandon form three [Brandon clicks on where do we write your movil device brand, Brandon enters 'Xiaomi' then hits [ENTER] into where do we write your movil device brand, Brandon clicks on where do we write your movil device model, Brandon enters 'Redmi 9' then hits [ENTER] into where do we write your movil device model, Brandon clicks on where do we write your movil device OS, Brandon enters 'Android 10' then hits [ENTER] into where do we write your movil device OS, Brandon clicks on button for next step of form sign up], Brandon form four [Brandon enters 'Linkliz0321*' into input where do write the new password, Brandon enters 'Linkliz0321*' into input where do write the confirmed password, Brandon clicks on Where you agree to receive information from utest, Brandon clicks on Where you agree to terms of use from utest, Brandon clicks on Where you agree to politics from utest, Brandon clicks on Button for finish the sing up form]]
[Test worker] WARN net.thucydides.core.steps.BaseStepListener - stepStarted: net.thucydides.core.steps.ExecutedStepDescription@292f7c36
[Test worker] WARN net.thucydides.core.steps.BaseStepListener - stepStarted: net.thucydides.core.steps.ExecutedStepDescription@cb5209e
[Test worker] WARN net.thucydides.core.steps.BaseStepListener - stepFinished: current outcome:A new user at the platform uTest:Given than brandon wants to sign up at the uTest page [Brandon open up [Brandon opens the U test page], Brandon sign up [Brandon clicks on button that shows us the form to sign up]], When fill in the form for registration
| strFirstName | strLastName | strEmailAddress | strMount | strDay | strYear | strLanguages | strCity | strPostalCode | strCountry | strComputer | strVersion | strLanguage | strMovilDevice | strModel | strOperatingSystem | strPassword | strConfirmPassword |
| Lizeth | Ortega | linkliz96@gmail.com | January | 7 | 1996 | Spanish | Calarcá | 632001 | Colombia | Windows | 10 | Spanish | Xiaomi | Redmi 9 | Android 10 | Linkliz0321* | Linkliz0321* | [Brandon form one [Brandon enters 'Lizeth' into input where do write the name, Brandon enters 'Ortega' into input where do write the last name, Brandon enters 'linkliz96@gmail.com' into input where do write  the email, Brandon select January on input where do write  the birthday month, Brandon select 7 on input where do write  the birthday month, Brandon select 1996 on input where do write  the birthday month, Brandon enters 'Spanish' then hits [ENTER] into input where do write  the different languages, Brandon clicks on button for next step of form sign up], Brandon form two [Brandon enters 'Calarcá' into input where do write the name city, Brandon enters '632001' into input where do write the postal code, Brandon enters 'Colombia' then hits [ENTER] into input where do write the name country, Brandon clicks on button for next step of form sign up], Brandon form three [Brandon clicks on where do we write your movil device brand, Brandon enters 'Xiaomi' then hits [ENTER] into where do we write your movil device brand, Brandon clicks on where do we write your movil device model, Brandon enters 'Redmi 9' then hits [ENTER] into where do we write your movil device model, Brandon clicks on where do we write your movil device OS, Brandon enters 'Android 10' then hits [ENTER] into where do we write your movil device OS, Brandon clicks on button for next step of form sign up], Brandon form four [Brandon enters 'Linkliz0321*' into input where do write the new password, Brandon enters 'Linkliz0321*' into input where do write the confirmed password, Brandon clicks on Where you agree to receive information from utest, Brandon clicks on Where you agree to terms of use from utest, Brandon clicks on Where you agree to politics from utest, Brandon clicks on Button for finish the sing up form]], Then see the welcome page to the uTest portal
| strTextToWelcome |
| Welcome to the world's largest community of freelance software testers! | [Then answer]
[Test worker] WARN net.thucydides.core.steps.BaseStepListener - stepFinished: current outcome:A new user at the platform uTest:Given than brandon wants to sign up at the uTest page [Brandon open up [Brandon opens the U test page], Brandon sign up [Brandon clicks on button that shows us the form to sign up]], When fill in the form for registration
| strFirstName | strLastName | strEmailAddress | strMount | strDay | strYear | strLanguages | strCity | strPostalCode | strCountry | strComputer | strVersion | strLanguage | strMovilDevice | strModel | strOperatingSystem | strPassword | strConfirmPassword |
| Lizeth | Ortega | linkliz96@gmail.com | January | 7 | 1996 | Spanish | Calarcá | 632001 | Colombia | Windows | 10 | Spanish | Xiaomi | Redmi 9 | Android 10 | Linkliz0321* | Linkliz0321* | [Brandon form one [Brandon enters 'Lizeth' into input where do write the name, Brandon enters 'Ortega' into input where do write the last name, Brandon enters 'linkliz96@gmail.com' into input where do write  the email, Brandon select January on input where do write  the birthday month, Brandon select 7 on input where do write  the birthday month, Brandon select 1996 on input where do write  the birthday month, Brandon enters 'Spanish' then hits [ENTER] into input where do write  the different languages, Brandon clicks on button for next step of form sign up], Brandon form two [Brandon enters 'Calarcá' into input where do write the name city, Brandon enters '632001' into input where do write the postal code, Brandon enters 'Colombia' then hits [ENTER] into input where do write the name country, Brandon clicks on button for next step of form sign up], Brandon form three [Brandon clicks on where do we write your movil device brand, Brandon enters 'Xiaomi' then hits [ENTER] into where do we write your movil device brand, Brandon clicks on where do we write your movil device model, Brandon enters 'Redmi 9' then hits [ENTER] into where do we write your movil device model, Brandon clicks on where do we write your movil device OS, Brandon enters 'Android 10' then hits [ENTER] into where do we write your movil device OS, Brandon clicks on button for next step of form sign up], Brandon form four [Brandon enters 'Linkliz0321*' into input where do write the new password, Brandon enters 'Linkliz0321*' into input where do write the confirmed password, Brandon clicks on Where you agree to receive information from utest, Brandon clicks on Where you agree to terms of use from utest, Brandon clicks on Where you agree to politics from utest, Brandon clicks on Button for finish the sing up form]], Then see the welcome page to the uTest portal
| strTextToWelcome |
| Welcome to the world's largest community of freelance software testers! | [Then answer]
[Test worker] WARN net.thucydides.core.steps.BaseStepListener - testFinished: A new user at the platform uTest:Given than brandon wants to sign up at the uTest page [Brandon open up [Brandon opens the U test page], Brandon sign up [Brandon clicks on button that shows us the form to sign up]], When fill in the form for registration
| strFirstName | strLastName | strEmailAddress | strMount | strDay | strYear | strLanguages | strCity | strPostalCode | strCountry | strComputer | strVersion | strLanguage | strMovilDevice | strModel | strOperatingSystem | strPassword | strConfirmPassword |
| Lizeth | Ortega | linkliz96@gmail.com | January | 7 | 1996 | Spanish | Calarcá | 632001 | Colombia | Windows | 10 | Spanish | Xiaomi | Redmi 9 | Android 10 | Linkliz0321* | Linkliz0321* | [Brandon form one [Brandon enters 'Lizeth' into input where do write the name, Brandon enters 'Ortega' into input where do write the last name, Brandon enters 'linkliz96@gmail.com' into input where do write  the email, Brandon select January on input where do write  the birthday month, Brandon select 7 on input where do write  the birthday month, Brandon select 1996 on input where do write  the birthday month, Brandon enters 'Spanish' then hits [ENTER] into input where do write  the different languages, Brandon clicks on button for next step of form sign up], Brandon form two [Brandon enters 'Calarcá' into input where do write the name city, Brandon enters '632001' into input where do write the postal code, Brandon enters 'Colombia' then hits [ENTER] into input where do write the name country, Brandon clicks on button for next step of form sign up], Brandon form three [Brandon clicks on where do we write your movil device brand, Brandon enters 'Xiaomi' then hits [ENTER] into where do we write your movil device brand, Brandon clicks on where do we write your movil device model, Brandon enters 'Redmi 9' then hits [ENTER] into where do we write your movil device model, Brandon clicks on where do we write your movil device OS, Brandon enters 'Android 10' then hits [ENTER] into where do we write your movil device OS, Brandon clicks on button for next step of form sign up], Brandon form four [Brandon enters 'Linkliz0321*' into input where do write the new password, Brandon enters 'Linkliz0321*' into input where do write the confirmed password, Brandon clicks on Where you agree to receive information from utest, Brandon clicks on Where you agree to terms of use from utest, Brandon clicks on Where you agree to politics from utest, Brandon clicks on Button for finish the sing up form]], Then see the welcome page to the uTest portal
| strTextToWelcome |
| Welcome to the world's largest community of freelance software testers! | [Then answer]
[Test worker] WARN net.thucydides.core.steps.BaseStepListener - TestOutcomes: [A new user at the platform uTest:Given than brandon wants to sign up at the uTest page [Brandon open up [Brandon opens the U test page], Brandon sign up [Brandon clicks on button that shows us the form to sign up]], When fill in the form for registration
| strFirstName | strLastName | strEmailAddress | strMount | strDay | strYear | strLanguages | strCity | strPostalCode | strCountry | strComputer | strVersion | strLanguage | strMovilDevice | strModel | strOperatingSystem | strPassword | strConfirmPassword |
| Lizeth | Ortega | linkliz96@gmail.com | January | 7 | 1996 | Spanish | Calarcá | 632001 | Colombia | Windows | 10 | Spanish | Xiaomi | Redmi 9 | Android 10 | Linkliz0321* | Linkliz0321* | [Brandon form one [Brandon enters 'Lizeth' into input where do write the name, Brandon enters 'Ortega' into input where do write the last name, Brandon enters 'linkliz96@gmail.com' into input where do write  the email, Brandon select January on input where do write  the birthday month, Brandon select 7 on input where do write  the birthday month, Brandon select 1996 on input where do write  the birthday month, Brandon enters 'Spanish' then hits [ENTER] into input where do write  the different languages, Brandon clicks on button for next step of form sign up], Brandon form two [Brandon enters 'Calarcá' into input where do write the name city, Brandon enters '632001' into input where do write the postal code, Brandon enters 'Colombia' then hits [ENTER] into input where do write the name country, Brandon clicks on button for next step of form sign up], Brandon form three [Brandon clicks on where do we write your movil device brand, Brandon enters 'Xiaomi' then hits [ENTER] into where do we write your movil device brand, Brandon clicks on where do we write your movil device model, Brandon enters 'Redmi 9' then hits [ENTER] into where do we write your movil device model, Brandon clicks on where do we write your movil device OS, Brandon enters 'Android 10' then hits [ENTER] into where do we write your movil device OS, Brandon clicks on button for next step of form sign up], Brandon form four [Brandon enters 'Linkliz0321*' into input where do write the new password, Brandon enters 'Linkliz0321*' into input where do write the confirmed password, Brandon clicks on Where you agree to receive information from utest, Brandon clicks on Where you agree to terms of use from utest, Brandon clicks on Where you agree to politics from utest, Brandon clicks on Button for finish the sing up form]], Then see the welcome page to the uTest portal
| strTextToWelcome |
| Welcome to the world's largest community of freelance software testers! | [Then answer]]
[Test worker] WARN net.thucydides.core.steps.BaseStepListener - Final testOutcomes: [A new user at the platform uTest:Given than brandon wants to sign up at the uTest page [Brandon open up [Brandon opens the U test page], Brandon sign up [Brandon clicks on button that shows us the form to sign up]], When fill in the form for registration
| strFirstName | strLastName | strEmailAddress | strMount | strDay | strYear | strLanguages | strCity | strPostalCode | strCountry | strComputer | strVersion | strLanguage | strMovilDevice | strModel | strOperatingSystem | strPassword | strConfirmPassword |
| Lizeth | Ortega | linkliz96@gmail.com | January | 7 | 1996 | Spanish | Calarcá | 632001 | Colombia | Windows | 10 | Spanish | Xiaomi | Redmi 9 | Android 10 | Linkliz0321* | Linkliz0321* | [Brandon form one [Brandon enters 'Lizeth' into input where do write the name, Brandon enters 'Ortega' into input where do write the last name, Brandon enters 'linkliz96@gmail.com' into input where do write  the email, Brandon select January on input where do write  the birthday month, Brandon select 7 on input where do write  the birthday month, Brandon select 1996 on input where do write  the birthday month, Brandon enters 'Spanish' then hits [ENTER] into input where do write  the different languages, Brandon clicks on button for next step of form sign up], Brandon form two [Brandon enters 'Calarcá' into input where do write the name city, Brandon enters '632001' into input where do write the postal code, Brandon enters 'Colombia' then hits [ENTER] into input where do write the name country, Brandon clicks on button for next step of form sign up], Brandon form three [Brandon clicks on where do we write your movil device brand, Brandon enters 'Xiaomi' then hits [ENTER] into where do we write your movil device brand, Brandon clicks on where do we write your movil device model, Brandon enters 'Redmi 9' then hits [ENTER] into where do we write your movil device model, Brandon clicks on where do we write your movil device OS, Brandon enters 'Android 10' then hits [ENTER] into where do we write your movil device OS, Brandon clicks on button for next step of form sign up], Brandon form four [Brandon enters 'Linkliz0321*' into input where do write the new password, Brandon enters 'Linkliz0321*' into input where do write the confirmed password, Brandon clicks on Where you agree to receive information from utest, Brandon clicks on Where you agree to terms of use from utest, Brandon clicks on Where you agree to politics from utest, Brandon clicks on Button for finish the sing up form]], Then see the welcome page to the uTest portal
| strTextToWelcome |
| Welcome to the world's largest community of freelance software testers! | [Then answer]]
[Test worker] INFO net.thucydides.core.steps.ConsoleLoggingListener - 
        __    _____ _____ ____ _____   ____   _    ____  ____  _____ ____  
  _     \ \  |_   _| ____/ ___|_   _| |  _ \ / \  / ___|/ ___|| ____|  _ \ 
 (_)_____| |   | | |  _| \___ \ | |   | |_) / _ \ \___ \\___ \|  _| | | | |
  _|_____| |   | | | |___ ___) || |   |  __/ ___ \ ___) |___) | |___| |_| |
 (_)     | |   |_| |_____|____/ |_|   |_| /_/   \_\____/|____/|_____|____/ 
        /_/                                                                

TEST PASSED: A new user at the platform uTest
----------------------------------------------------------------------------
]]></system-err>
</testsuite>
